<?xml version="1.0" encoding="UTF-8"?>
<testsuite xmlns:xsi="http://www.w3.org/2001/XMLSchema-instance" xsi:noNamespaceSchemaLocation="https://maven.apache.org/surefire/maven-surefire-plugin/xsd/surefire-test-report.xsd" name="TestSuite" time="64.289" tests="10" errors="0" skipped="0" failures="2">
  <properties>
[...]
</properties>
  <testcase name="addTwoNumbers" classname="com.qa.jive.JiveAssignment.CalculatorPageTest" time="7.449"/>
  <testcase name="subtractTwoNumbers" classname="com.qa.jive.JiveAssignment.CalculatorPageTest" time="5.605"/>
  <testcase name="multiplyTwoNumbers" classname="com.qa.jive.JiveAssignment.CalculatorPageTest" time="5.65">
    <failure message="expected [19781] but found [15131]" type="java.lang.AssertionError">java.lang.AssertionError: expected [19781] but found [15131]
	at com.qa.jive.JiveAssignment.CalculatorPageTest.multiplyTwoNumbers(CalculatorPageTest.java:48)
</failure>
  </testcase>
  <testcase name="divideTwoNumbers" classname="com.qa.jive.JiveAssignment.CalculatorPageTest" time="4.625"/>
  <testcase name="divideTwoNumbers2" classname="com.qa.jive.JiveAssignment.CalculatorPageTest" time="3.424">
    <failure message="expected [1] but found [199]" type="java.lang.AssertionError">java.lang.AssertionError: expected [1] but found [199]
	at com.qa.jive.JiveAssignment.CalculatorPageTest.divideTwoNumbers2(CalculatorPageTest.java:62)
</failure>
  </testcase>
  <testcase name="backspaceAndAddNumbers" classname="com.qa.jive.JiveAssignment.CalculatorPageTest" time="4.801"/>
  <testcase name="invalidOperation" classname="com.qa.jive.JiveAssignment.CalculatorPageTest" time="0.221"/>
  <testcase name="invalidOperationInfinity" classname="com.qa.jive.JiveAssignment.CalculatorPageTest" time="1.321"/>
  <testcase name="invalidOperationNaN" classname="com.qa.jive.JiveAssignment.CalculatorPageTest" time="1.269"/>
  <testcase name="complexOperation" classname="com.qa.jive.JiveAssignment.CalculatorPageTest" time="3.774"/>
</testsuite>